Determining if the pthread_create exist failed with the following output:
Change Dir: /home/parallels/new-pi/build/CMakeFiles/CMakeTmp

Run Build Command:/usr/bin/make "cmTryCompileExec3994012548/fast"
/usr/bin/make -f CMakeFiles/cmTryCompileExec3994012548.dir/build.make CMakeFiles/cmTryCompileExec3994012548.dir/build
make[1]: Entering directory `/home/parallels/new-pi/build/CMakeFiles/CMakeTmp'
/usr/bin/cmake -E cmake_progress_report /home/parallels/new-pi/build/CMakeFiles/CMakeTmp/CMakeFiles 1
Building C object CMakeFiles/cmTryCompileExec3994012548.dir/CheckSymbolExists.c.o
/usr/bin/cc   -O3     -o CMakeFiles/cmTryCompileExec3994012548.dir/CheckSymbolExists.c.o   -c /home/parallels/new-pi/build/CMakeFiles/CMakeTmp/CheckSymbolExists.c
Linking C executable cmTryCompileExec3994012548
/usr/bin/cmake -E cmake_link_script CMakeFiles/cmTryCompileExec3994012548.dir/link.txt --verbose=1
/usr/bin/cc   -O3      CMakeFiles/cmTryCompileExec3994012548.dir/CheckSymbolExists.c.o  -o cmTryCompileExec3994012548 -rdynamic 
CMakeFiles/cmTryCompileExec3994012548.dir/CheckSymbolExists.c.o: In function `main':
CheckSymbolExists.c:(.text.startup+0x6): undefined reference to `pthread_create'
collect2: error: ld returned 1 exit status
make[1]: *** [cmTryCompileExec3994012548] Error 1
make[1]: Leaving directory `/home/parallels/new-pi/build/CMakeFiles/CMakeTmp'
make: *** [cmTryCompileExec3994012548/fast] Error 2

File /home/parallels/new-pi/build/CMakeFiles/CMakeTmp/CheckSymbolExists.c:
/* */
#include <pthread.h>

int main(int argc, char** argv)
{
  (void)argv;
#ifndef pthread_create
  return ((int*)(&pthread_create))[argc];
#else
  (void)argc;
  return 0;
#endif
}

Determining if the function pthread_create exists in the pthreads failed with the following output:
Change Dir: /home/parallels/new-pi/build/CMakeFiles/CMakeTmp

Run Build Command:/usr/bin/make "cmTryCompileExec3069835963/fast"
/usr/bin/make -f CMakeFiles/cmTryCompileExec3069835963.dir/build.make CMakeFiles/cmTryCompileExec3069835963.dir/build
make[1]: Entering directory `/home/parallels/new-pi/build/CMakeFiles/CMakeTmp'
/usr/bin/cmake -E cmake_progress_report /home/parallels/new-pi/build/CMakeFiles/CMakeTmp/CMakeFiles 1
Building C object CMakeFiles/cmTryCompileExec3069835963.dir/CheckFunctionExists.c.o
/usr/bin/cc   -O3  -DCHECK_FUNCTION_EXISTS=pthread_create   -o CMakeFiles/cmTryCompileExec3069835963.dir/CheckFunctionExists.c.o   -c /usr/share/cmake-2.8/Modules/CheckFunctionExists.c
Linking C executable cmTryCompileExec3069835963
/usr/bin/cmake -E cmake_link_script CMakeFiles/cmTryCompileExec3069835963.dir/link.txt --verbose=1
/usr/bin/cc   -O3  -DCHECK_FUNCTION_EXISTS=pthread_create    CMakeFiles/cmTryCompileExec3069835963.dir/CheckFunctionExists.c.o  -o cmTryCompileExec3069835963 -rdynamic -lpthreads 
/usr/bin/ld: cannot find -lpthreads
collect2: error: ld returned 1 exit status
make[1]: *** [cmTryCompileExec3069835963] Error 1
make[1]: Leaving directory `/home/parallels/new-pi/build/CMakeFiles/CMakeTmp'
make: *** [cmTryCompileExec3069835963/fast] Error 2


